  main.cpp
c:\users\vgris\source\repos\kursach\kursach\main.cpp(137): warning C4244: =: преобразование "double" в "float", возможна потеря данных
c:\users\vgris\source\repos\kursach\kursach\main.cpp(145): warning C4244: =: преобразование "int" в "T", возможна потеря данных
          with
          [
              T=float
          ]
c:\users\vgris\source\repos\kursach\kursach\main.cpp(149): warning C4244: +=: преобразование "double" в "float", возможна потеря данных
c:\users\vgris\source\repos\kursach\kursach\main.cpp(169): warning C4244: инициализация: преобразование "T" в "int", возможна потеря данных
          with
          [
              T=float
          ]
c:\users\vgris\source\repos\kursach\kursach\main.cpp(170): warning C4244: инициализация: преобразование "T" в "int", возможна потеря данных
          with
          [
              T=float
          ]
c:\users\vgris\source\repos\kursach\kursach\main.cpp(182): warning C4244: =: преобразование "int" в "T", возможна потеря данных
          with
          [
              T=float
          ]
c:\users\vgris\source\repos\kursach\kursach\main.cpp(190): warning C4244: =: преобразование "int" в "T", возможна потеря данных
          with
          [
              T=float
          ]
c:\users\vgris\source\repos\kursach\kursach\main.cpp(220): warning C4244: аргумент: преобразование "int" в "T", возможна потеря данных
          with
          [
              T=float
          ]
c:\users\vgris\source\repos\kursach\kursach\main.cpp(221): warning C4305: =: усечение из "double" в "float"
c:\users\vgris\source\repos\kursach\kursach\main.cpp(233): warning C4244: +=: преобразование "double" в "float", возможна потеря данных
c:\users\vgris\source\repos\kursach\kursach\main.cpp(252): warning C4244: инициализация: преобразование "T" в "int", возможна потеря данных
          with
          [
              T=float
          ]
c:\users\vgris\source\repos\kursach\kursach\main.cpp(253): warning C4244: инициализация: преобразование "T" в "int", возможна потеря данных
          with
          [
              T=float
          ]
c:\users\vgris\source\repos\kursach\kursach\main.cpp(263): warning C4244: =: преобразование "int" в "T", возможна потеря данных
          with
          [
              T=float
          ]
c:\users\vgris\source\repos\kursach\kursach\main.cpp(327): warning C4244: инициализация: преобразование "sf::Int64" в "float", возможна потеря данных
c:\users\vgris\source\repos\kursach\kursach\main.cpp(340): warning C4305: =: усечение из "double" в "float"
c:\users\vgris\source\repos\kursach\kursach\main.cpp(345): warning C4305: =: усечение из "double" в "float"
c:\users\vgris\source\repos\kursach\kursach\main.cpp(351): warning C4305: =: усечение из "double" в "float"
c:\users\vgris\source\repos\kursach\kursach\main.cpp(363): warning C4305: =: усечение из "double" в "float"
  Kursach.vcxproj -> C:\Users\vgris\source\repos\Kursach\Debug\Kursach.exe
